ReliableSocket: new utils pool size = 3
{"tag":"SensorData","uuid":"d5b42c26-ca49-4efb-9bfe-9d8750f84ef8","source":"00000000-0000-0000-0001-bc6a29aecef5","action":"read","signal":-48,"sensor_name":"Temperature","sensor_value":[208.52153,49.1861],"latitude":-22.799545,"longitude":-43.445945,"timestamp":1442169467}
[{
	"MEPAQuery": {
		"type":"start",
		"label":"AVGTemp",
		"rule":"SELECT avg(sensorValue[0]) as value_tmp FROM
		SensorData(sensorName='Temperature')
		.win:time_batch(10 sec)",
		"target":"local"
	}}]
[{
	"MEPAQuery": {
		"type":"start",
		"label":"AVGHumidity",
		"rule":"SELECT avg(sensorValue[0]) as value_humi FROM
		SensorData(sensorName='Humidity')
		.win:time_batch(10 sec)",
		"target":"global"
	}}]
[{
	"MEPAQuery": {
		"type":"start",
		"label":"MaxAVG",
		"rule":"SELECT max(value_tmp) as average_tmp FROM
		AVGTemp.win:length_batch(3)",
		"target":"global"
	}}]
{"tag":"SensorData","uuid":"d5b42c26-ca49-4efb-9bfe-9d8750f84ef8","source":"00000000-0000-0000-0001-bc6a29aecef5","action":"read","signal":-48,"sensor_name":"Temperature","sensor_value":[289.06326,141.89359],"latitude":-22.799545,"longitude":-43.445945,"timestamp":1543260827639}
{"tag":"SensorData","uuid":"d5b42c26-ca49-4efb-9bfe-9d8750f84ef8","source":"00000000-0000-0000-0001-bc6a29aecef5","action":"read","signal":-48,"sensor_name":"Temperature","sensor_value":[157.64505,290.17508],"latitude":-22.799545,"longitude":-43.445945,"timestamp":1543260827640}
{"tag":"SensorData","uuid":"d5b42c26-ca49-4efb-9bfe-9d8750f84ef8","source":"00000000-0000-0000-0001-bc6a29aecef5","action":"read","signal":-48,"sensor_name":"Temperature","sensor_value":[186.23824,288.35425],"latitude":-22.799545,"longitude":-43.445945,"timestamp":1543260827643}
{"tag":"SensorData","uuid":"d5b42c26-ca49-4efb-9bfe-9d8750f84ef8","source":"00000000-0000-0000-0001-bc6a29aecef5","action":"read","signal":-48,"sensor_name":"Temperature","sensor_value":[260.93802,90.07058],"latitude":-22.799545,"longitude":-43.445945,"timestamp":1543260827645}
{"tag":"SensorData","uuid":"d5b42c26-ca49-4efb-9bfe-9d8750f84ef8","source":"00000000-0000-0000-0001-bc6a29aecef5","action":"read","signal":-48,"sensor_name":"Temperature","sensor_value":[12.549609,244.97653],"latitude":-22.799545,"longitude":-43.445945,"timestamp":1543260827647}
{"tag":"SensorData","uuid":"d5b42c26-ca49-4efb-9bfe-9d8750f84ef8","source":"00000000-0000-0000-0001-bc6a29aecef5","action":"read","signal":-48,"sensor_name":"Temperature","sensor_value":[51.763916,139.21],"latitude":-22.799545,"longitude":-43.445945,"timestamp":1543260827650}
{"tag":"SensorData","uuid":"d5b42c26-ca49-4efb-9bfe-9d8750f84ef8","source":"00000000-0000-0000-0001-bc6a29aecef5","action":"read","signal":-48,"sensor_name":"Temperature","sensor_value":[42.87658,146.09341],"latitude":-22.799545,"longitude":-43.445945,"timestamp":1543260827650}
{"tag":"SensorData","uuid":"d5b42c26-ca49-4efb-9bfe-9d8750f84ef8","source":"00000000-0000-0000-0001-bc6a29aecef5","action":"read","signal":-48,"sensor_name":"Temperature","sensor_value":[107.51946,120.25661],"latitude":-22.799545,"longitude":-43.445945,"timestamp":1543260827651}
{"tag":"SensorData","uuid":"d5b42c26-ca49-4efb-9bfe-9d8750f84ef8","source":"00000000-0000-0000-0001-bc6a29aecef5","action":"read","signal":-48,"sensor_name":"Temperature","sensor_value":[168.16948,137.5334],"latitude":-22.799545,"longitude":-43.445945,"timestamp":1543260827652}
{"tag":"SensorData","uuid":"d5b42c26-ca49-4efb-9bfe-9d8750f84ef8","source":"00000000-0000-0000-0001-bc6a29aecef5","action":"read","signal":-48,"sensor_name":"Temperature","sensor_value":[84.28071,63.144188],"latitude":-22.799545,"longitude":-43.445945,"timestamp":1543260827658}
{"tag":"SensorData","uuid":"d5b42c26-ca49-4efb-9bfe-9d8750f84ef8","source":"00000000-0000-0000-0001-bc6a29aecef5","action":"read","signal":-48,"sensor_name":"Temperature","sensor_value":[128.86023,32.773964],"latitude":-22.799545,"longitude":-43.445945,"timestamp":1543260827659}
{"tag":"SensorData","uuid":"d5b42c26-ca49-4efb-9bfe-9d8750f84ef8","source":"00000000-0000-0000-0001-bc6a29aecef5","action":"read","signal":-48,"sensor_name":"Temperature","sensor_value":[22.94905,39.162468],"latitude":-22.799545,"longitude":-43.445945,"timestamp":1543260827660}
{"tag":"SensorData","uuid":"d5b42c26-ca49-4efb-9bfe-9d8750f84ef8","source":"00000000-0000-0000-0001-bc6a29aecef5","action":"read","signal":-48,"sensor_name":"Temperature","sensor_value":[146.55743,77.47759],"latitude":-22.799545,"longitude":-43.445945,"timestamp":1543260827660}
{"tag":"SensorData","uuid":"d5b42c26-ca49-4efb-9bfe-9d8750f84ef8","source":"00000000-0000-0000-0001-bc6a29aecef5","action":"read","signal":-48,"sensor_name":"Temperature","sensor_value":[145.43387,251.61076],"latitude":-22.799545,"longitude":-43.445945,"timestamp":1543260827661}
{"tag":"SensorData","uuid":"d5b42c26-ca49-4efb-9bfe-9d8750f84ef8","source":"00000000-0000-0000-0001-bc6a29aecef5","action":"read","signal":-48,"sensor_name":"Temperature","sensor_value":[161.91663,223.52713],"latitude":-22.799545,"longitude":-43.445945,"timestamp":1543260827688}
{"tag":"SensorData","uuid":"d5b42c26-ca49-4efb-9bfe-9d8750f84ef8","source":"00000000-0000-0000-0001-bc6a29aecef5","action":"read","signal":-48,"sensor_name":"Temperature","sensor_value":[88.08895,45.45595],"latitude":-22.799545,"longitude":-43.445945,"timestamp":1543260827689}
{"tag":"SensorData","uuid":"d5b42c26-ca49-4efb-9bfe-9d8750f84ef8","source":"00000000-0000-0000-0001-bc6a29aecef5","action":"read","signal":-48,"sensor_name":"Temperature","sensor_value":[56.437077,265.0836],"latitude":-22.799545,"longitude":-43.445945,"timestamp":1543260827689}
{"tag":"SensorData","uuid":"d5b42c26-ca49-4efb-9bfe-9d8750f84ef8","source":"00000000-0000-0000-0001-bc6a29aecef5","action":"read","signal":-48,"sensor_name":"Temperature","sensor_value":[53.831505,297.27292],"latitude":-22.799545,"longitude":-43.445945,"timestamp":1543260827690}
{"tag":"SensorData","uuid":"d5b42c26-ca49-4efb-9bfe-9d8750f84ef8","source":"00000000-0000-0000-0001-bc6a29aecef5","action":"read","signal":-48,"sensor_name":"Temperature","sensor_value":[59.20193,275.09198],"latitude":-22.799545,"longitude":-43.445945,"timestamp":1543260827695}
{"tag":"SensorData","uuid":"d5b42c26-ca49-4efb-9bfe-9d8750f84ef8","source":"00000000-0000-0000-0001-bc6a29aecef5","action":"read","signal":-48,"sensor_name":"Temperature","sensor_value":[118.25369,57.143192],"latitude":-22.799545,"longitude":-43.445945,"timestamp":1543260827696}
{"tag":"SensorData","uuid":"d5b42c26-ca49-4efb-9bfe-9d8750f84ef8","source":"00000000-0000-0000-0001-bc6a29aecef5","action":"read","signal":-48,"sensor_name":"Temperature","sensor_value":[106.424904,197.42036],"latitude":-22.799545,"longitude":-43.445945,"timestamp":1543260827696}
{"tag":"SensorData","uuid":"d5b42c26-ca49-4efb-9bfe-9d8750f84ef8","source":"00000000-0000-0000-0001-bc6a29aecef5","action":"read","signal":-48,"sensor_name":"Temperature","sensor_value":[212.94261,160.46387],"latitude":-22.799545,"longitude":-43.445945,"timestamp":1543260827697}
{"tag":"SensorData","uuid":"d5b42c26-ca49-4efb-9bfe-9d8750f84ef8","source":"00000000-0000-0000-0001-bc6a29aecef5","action":"read","signal":-48,"sensor_name":"Temperature","sensor_value":[53.749645,147.52686],"latitude":-22.799545,"longitude":-43.445945,"timestamp":1543260827714}
{"tag":"SensorData","uuid":"d5b42c26-ca49-4efb-9bfe-9d8750f84ef8","source":"00000000-0000-0000-0001-bc6a29aecef5","action":"read","signal":-48,"sensor_name":"Temperature","sensor_value":[272.78934,178.70534],"latitude":-22.799545,"longitude":-43.445945,"timestamp":1543260827715}
{"tag":"SensorData","uuid":"d5b42c26-ca49-4efb-9bfe-9d8750f84ef8","source":"00000000-0000-0000-0001-bc6a29aecef5","action":"read","signal":-48,"sensor_name":"Temperature","sensor_value":[108.95164,127.22225],"latitude":-22.799545,"longitude":-43.445945,"timestamp":1543260827715}
{"tag":"SensorData","uuid":"d5b42c26-ca49-4efb-9bfe-9d8750f84ef8","source":"00000000-0000-0000-0001-bc6a29aecef5","action":"read","signal":-48,"sensor_name":"Temperature","sensor_value":[74.301895,195.05914],"latitude":-22.799545,"longitude":-43.445945,"timestamp":1543260827716}
{"tag":"SensorData","uuid":"d5b42c26-ca49-4efb-9bfe-9d8750f84ef8","source":"00000000-0000-0000-0001-bc6a29aecef5","action":"read","signal":-48,"sensor_name":"Temperature","sensor_value":[235.06589,243.34445],"latitude":-22.799545,"longitude":-43.445945,"timestamp":1543260827729}
{"tag":"SensorData","uuid":"d5b42c26-ca49-4efb-9bfe-9d8750f84ef8","source":"00000000-0000-0000-0001-bc6a29aecef5","action":"read","signal":-48,"sensor_name":"Temperature","sensor_value":[160.83131,293.5517],"latitude":-22.799545,"longitude":-43.445945,"timestamp":1543260827730}
{"tag":"SensorData","uuid":"d5b42c26-ca49-4efb-9bfe-9d8750f84ef8","source":"00000000-0000-0000-0001-bc6a29aecef5","action":"read","signal":-48,"sensor_name":"Temperature","sensor_value":[50.89284,14.517223],"latitude":-22.799545,"longitude":-43.445945,"timestamp":1543260827731}
{"tag":"SensorData","uuid":"d5b42c26-ca49-4efb-9bfe-9d8750f84ef8","source":"00000000-0000-0000-0001-bc6a29aecef5","action":"read","signal":-48,"sensor_name":"Temperature","sensor_value":[229.38655,59.49016],"latitude":-22.799545,"longitude":-43.445945,"timestamp":1543260827731}
{"tag":"SensorData","uuid":"d5b42c26-ca49-4efb-9bfe-9d8750f84ef8","source":"00000000-0000-0000-0001-bc6a29aecef5","action":"read","signal":-48,"sensor_name":"Temperature","sensor_value":[41.962696,77.46345],"latitude":-22.799545,"longitude":-43.445945,"timestamp":1543260827739}
{"tag":"SensorData","uuid":"d5b42c26-ca49-4efb-9bfe-9d8750f84ef8","source":"00000000-0000-0000-0001-bc6a29aecef5","action":"read","signal":-48,"sensor_name":"Temperature","sensor_value":[279.16656,129.49168],"latitude":-22.799545,"longitude":-43.445945,"timestamp":1543260827739}
{"tag":"SensorData","uuid":"d5b42c26-ca49-4efb-9bfe-9d8750f84ef8","source":"00000000-0000-0000-0001-bc6a29aecef5","action":"read","signal":-48,"sensor_name":"Temperature","sensor_value":[151.26683,91.58973],"latitude":-22.799545,"longitude":-43.445945,"timestamp":1543260827740}
{"tag":"SensorData","uuid":"d5b42c26-ca49-4efb-9bfe-9d8750f84ef8","source":"00000000-0000-0000-0001-bc6a29aecef5","action":"read","signal":-48,"sensor_name":"Temperature","sensor_value":[91.56032,172.4913],"latitude":-22.799545,"longitude":-43.445945,"timestamp":1543260827740}
{"tag":"SensorData","uuid":"d5b42c26-ca49-4efb-9bfe-9d8750f84ef8","source":"00000000-0000-0000-0001-bc6a29aecef5","action":"read","signal":-48,"sensor_name":"Temperature","sensor_value":[147.34334,94.65045],"latitude":-22.799545,"longitude":-43.445945,"timestamp":1543260827747}
{"tag":"SensorData","uuid":"d5b42c26-ca49-4efb-9bfe-9d8750f84ef8","source":"00000000-0000-0000-0001-bc6a29aecef5","action":"read","signal":-48,"sensor_name":"Temperature","sensor_value":[279.28888,105.31926],"latitude":-22.799545,"longitude":-43.445945,"timestamp":1543260827748}
{"tag":"SensorData","uuid":"d5b42c26-ca49-4efb-9bfe-9d8750f84ef8","source":"00000000-0000-0000-0001-bc6a29aecef5","action":"read","signal":-48,"sensor_name":"Temperature","sensor_value":[89.790054,141.52391],"latitude":-22.799545,"longitude":-43.445945,"timestamp":1543260827748}
{"tag":"SensorData","uuid":"d5b42c26-ca49-4efb-9bfe-9d8750f84ef8","source":"00000000-0000-0000-0001-bc6a29aecef5","action":"read","signal":-48,"sensor_name":"Temperature","sensor_value":[94.98957,187.40865],"latitude":-22.799545,"longitude":-43.445945,"timestamp":1543260827749}
{"tag":"SensorData","uuid":"d5b42c26-ca49-4efb-9bfe-9d8750f84ef8","source":"00000000-0000-0000-0001-bc6a29aecef5","action":"read","signal":-48,"sensor_name":"Temperature","sensor_value":[104.45672,122.76675],"latitude":-22.799545,"longitude":-43.445945,"timestamp":1543260827758}
{"tag":"SensorData","uuid":"d5b42c26-ca49-4efb-9bfe-9d8750f84ef8","source":"00000000-0000-0000-0001-bc6a29aecef5","action":"read","signal":-48,"sensor_name":"Temperature","sensor_value":[148.63995,270.5073],"latitude":-22.799545,"longitude":-43.445945,"timestamp":1543260827759}
{"tag":"SensorData","uuid":"d5b42c26-ca49-4efb-9bfe-9d8750f84ef8","source":"00000000-0000-0000-0001-bc6a29aecef5","action":"read","signal":-48,"sensor_name":"Temperature","sensor_value":[299.3597,72.39627],"latitude":-22.799545,"longitude":-43.445945,"timestamp":1543260827759}
{"tag":"SensorData","uuid":"d5b42c26-ca49-4efb-9bfe-9d8750f84ef8","source":"00000000-0000-0000-0001-bc6a29aecef5","action":"read","signal":-48,"sensor_name":"Temperature","sensor_value":[286.4672,127.11227],"latitude":-22.799545,"longitude":-43.445945,"timestamp":1543260827760}
{"tag":"SensorData","uuid":"d5b42c26-ca49-4efb-9bfe-9d8750f84ef8","source":"00000000-0000-0000-0001-bc6a29aecef5","action":"read","signal":-48,"sensor_name":"Temperature","sensor_value":[6.3018856,4.804641],"latitude":-22.799545,"longitude":-43.445945,"timestamp":1543260827770}
{"tag":"SensorData","uuid":"d5b42c26-ca49-4efb-9bfe-9d8750f84ef8","source":"00000000-0000-0000-0001-bc6a29aecef5","action":"read","signal":-48,"sensor_name":"Temperature","sensor_value":[290.17184,254.08243],"latitude":-22.799545,"longitude":-43.445945,"timestamp":1543260827771}
{"tag":"SensorData","uuid":"d5b42c26-ca49-4efb-9bfe-9d8750f84ef8","source":"00000000-0000-0000-0001-bc6a29aecef5","action":"read","signal":-48,"sensor_name":"Temperature","sensor_value":[45.993378,254.70198],"latitude":-22.799545,"longitude":-43.445945,"timestamp":1543260827771}
{"tag":"SensorData","uuid":"d5b42c26-ca49-4efb-9bfe-9d8750f84ef8","source":"00000000-0000-0000-0001-bc6a29aecef5","action":"read","signal":-48,"sensor_name":"Temperature","sensor_value":[19.550764,274.7315],"latitude":-22.799545,"longitude":-43.445945,"timestamp":1543260827772}
{"tag":"SensorData","uuid":"d5b42c26-ca49-4efb-9bfe-9d8750f84ef8","source":"00000000-0000-0000-0001-bc6a29aecef5","action":"read","signal":-48,"sensor_name":"Temperature","sensor_value":[60.785652,206.58215],"latitude":-22.799545,"longitude":-43.445945,"timestamp":1543260827782}
{"tag":"SensorData","uuid":"d5b42c26-ca49-4efb-9bfe-9d8750f84ef8","source":"00000000-0000-0000-0001-bc6a29aecef5","action":"read","signal":-48,"sensor_name":"Temperature","sensor_value":[276.19238,7.9657497],"latitude":-22.799545,"longitude":-43.445945,"timestamp":1543260827782}
{"tag":"SensorData","uuid":"d5b42c26-ca49-4efb-9bfe-9d8750f84ef8","source":"00000000-0000-0000-0001-bc6a29aecef5","action":"read","signal":-48,"sensor_name":"Temperature","sensor_value":[195.70618,162.21556],"latitude":-22.799545,"longitude":-43.445945,"timestamp":1543260827787}
{"tag":"SensorData","uuid":"d5b42c26-ca49-4efb-9bfe-9d8750f84ef8","source":"00000000-0000-0000-0001-bc6a29aecef5","action":"read","signal":-48,"sensor_name":"Temperature","sensor_value":[27.02862,246.08519],"latitude":-22.799545,"longitude":-43.445945,"timestamp":1543260827787}
{"tag":"SensorData","uuid":"d5b42c26-ca49-4efb-9bfe-9d8750f84ef8","source":"00000000-0000-0000-0001-bc6a29aecef5","action":"read","signal":-48,"sensor_name":"Temperature","sensor_value":[84.86216,246.62784],"latitude":-22.799545,"longitude":-43.445945,"timestamp":1543260827801}
{"tag":"SensorData","uuid":"d5b42c26-ca49-4efb-9bfe-9d8750f84ef8","source":"00000000-0000-0000-0001-bc6a29aecef5","action":"read","signal":-48,"sensor_name":"Temperature","sensor_value":[193.9339,4.823506],"latitude":-22.799545,"longitude":-43.445945,"timestamp":1543260827801}
{"tag":"SensorData","uuid":"d5b42c26-ca49-4efb-9bfe-9d8750f84ef8","source":"00000000-0000-0000-0001-bc6a29aecef5","action":"read","signal":-48,"sensor_name":"Temperature","sensor_value":[254.37587,290.40735],"latitude":-22.799545,"longitude":-43.445945,"timestamp":1543260827802}
{"tag":"SensorData","uuid":"d5b42c26-ca49-4efb-9bfe-9d8750f84ef8","source":"00000000-0000-0000-0001-bc6a29aecef5","action":"read","signal":-48,"sensor_name":"Temperature","sensor_value":[45.38353,288.41635],"latitude":-22.799545,"longitude":-43.445945,"timestamp":1543260827802}
{"tag":"SensorData","uuid":"d5b42c26-ca49-4efb-9bfe-9d8750f84ef8","source":"00000000-0000-0000-0001-bc6a29aecef5","action":"read","signal":-48,"sensor_name":"Temperature","sensor_value":[237.95384,283.89835],"latitude":-22.799545,"longitude":-43.445945,"timestamp":1543260827803}
{"tag":"SensorData","uuid":"d5b42c26-ca49-4efb-9bfe-9d8750f84ef8","source":"00000000-0000-0000-0001-bc6a29aecef5","action":"read","signal":-48,"sensor_name":"Temperature","sensor_value":[194.05518,256.72382],"latitude":-22.799545,"longitude":-43.445945,"timestamp":1543260827803}
{"tag":"SensorData","uuid":"d5b42c26-ca49-4efb-9bfe-9d8750f84ef8","source":"00000000-0000-0000-0001-bc6a29aecef5","action":"read","signal":-48,"sensor_name":"Temperature","sensor_value":[30.083817,174.14857],"latitude":-22.799545,"longitude":-43.445945,"timestamp":1543260827804}
{"tag":"SensorData","uuid":"d5b42c26-ca49-4efb-9bfe-9d8750f84ef8","source":"00000000-0000-0000-0001-bc6a29aecef5","action":"read","signal":-48,"sensor_name":"Temperature","sensor_value":[81.205826,277.76834],"latitude":-22.799545,"longitude":-43.445945,"timestamp":1543260827819}
{"tag":"SensorData","uuid":"d5b42c26-ca49-4efb-9bfe-9d8750f84ef8","source":"00000000-0000-0000-0001-bc6a29aecef5","action":"read","signal":-48,"sensor_name":"Temperature","sensor_value":[116.99962,70.23286],"latitude":-22.799545,"longitude":-43.445945,"timestamp":1543260827822}
{"tag":"SensorData","uuid":"d5b42c26-ca49-4efb-9bfe-9d8750f84ef8","source":"00000000-0000-0000-0001-bc6a29aecef5","action":"read","signal":-48,"sensor_name":"Temperature","sensor_value":[288.96783,129.74124],"latitude":-22.799545,"longitude":-43.445945,"timestamp":1543260827822}
{"tag":"SensorData","uuid":"d5b42c26-ca49-4efb-9bfe-9d8750f84ef8","source":"00000000-0000-0000-0001-bc6a29aecef5","action":"read","signal":-48,"sensor_name":"Temperature","sensor_value":[240.88058,293.9858],"latitude":-22.799545,"longitude":-43.445945,"timestamp":1543260827826}
{"tag":"SensorData","uuid":"d5b42c26-ca49-4efb-9bfe-9d8750f84ef8","source":"00000000-0000-0000-0001-bc6a29aecef5","action":"read","signal":-48,"sensor_name":"Temperature","sensor_value":[193.72774,122.21337],"latitude":-22.799545,"longitude":-43.445945,"timestamp":1543260827831}
{"tag":"SensorData","uuid":"d5b42c26-ca49-4efb-9bfe-9d8750f84ef8","source":"00000000-0000-0000-0001-bc6a29aecef5","action":"read","signal":-48,"sensor_name":"Temperature","sensor_value":[59.41302,255.00462],"latitude":-22.799545,"longitude":-43.445945,"timestamp":1543260827832}
{"tag":"SensorData","uuid":"d5b42c26-ca49-4efb-9bfe-9d8750f84ef8","source":"00000000-0000-0000-0001-bc6a29aecef5","action":"read","signal":-48,"sensor_name":"Temperature","sensor_value":[152.13731,269.7432],"latitude":-22.799545,"longitude":-43.445945,"timestamp":1543260827837}
{"tag":"SensorData","uuid":"d5b42c26-ca49-4efb-9bfe-9d8750f84ef8","source":"00000000-0000-0000-0001-bc6a29aecef5","action":"read","signal":-48,"sensor_name":"Temperature","sensor_value":[104.350235,275.98608],"latitude":-22.799545,"longitude":-43.445945,"timestamp":1543260827845}
{"tag":"SensorData","uuid":"d5b42c26-ca49-4efb-9bfe-9d8750f84ef8","source":"00000000-0000-0000-0001-bc6a29aecef5","action":"read","signal":-48,"sensor_name":"Temperature","sensor_value":[294.9509,275.91507],"latitude":-22.799545,"longitude":-43.445945,"timestamp":1543260827846}
{"tag":"SensorData","uuid":"d5b42c26-ca49-4efb-9bfe-9d8750f84ef8","source":"00000000-0000-0000-0001-bc6a29aecef5","action":"read","signal":-48,"sensor_name":"Temperature","sensor_value":[64.17611,287.37515],"latitude":-22.799545,"longitude":-43.445945,"timestamp":1543260827847}
{"tag":"SensorData","uuid":"d5b42c26-ca49-4efb-9bfe-9d8750f84ef8","source":"00000000-0000-0000-0001-bc6a29aecef5","action":"read","signal":-48,"sensor_name":"Temperature","sensor_value":[76.36324,299.1095],"latitude":-22.799545,"longitude":-43.445945,"timestamp":1543260827847}
{"tag":"SensorData","uuid":"d5b42c26-ca49-4efb-9bfe-9d8750f84ef8","source":"00000000-0000-0000-0001-bc6a29aecef5","action":"read","signal":-48,"sensor_name":"Temperature","sensor_value":[192.32065,244.87903],"latitude":-22.799545,"longitude":-43.445945,"timestamp":1543260827869}
{"tag":"SensorData","uuid":"d5b42c26-ca49-4efb-9bfe-9d8750f84ef8","source":"00000000-0000-0000-0001-bc6a29aecef5","action":"read","signal":-48,"sensor_name":"Temperature","sensor_value":[11.273843,285.13718],"latitude":-22.799545,"longitude":-43.445945,"timestamp":1543260827872}
{"tag":"SensorData","uuid":"d5b42c26-ca49-4efb-9bfe-9d8750f84ef8","source":"00000000-0000-0000-0001-bc6a29aecef5","action":"read","signal":-48,"sensor_name":"Temperature","sensor_value":[202.7489,231.67027],"latitude":-22.799545,"longitude":-43.445945,"timestamp":1543260827873}
{"tag":"SensorData","uuid":"d5b42c26-ca49-4efb-9bfe-9d8750f84ef8","source":"00000000-0000-0000-0001-bc6a29aecef5","action":"read","signal":-48,"sensor_name":"Temperature","sensor_value":[40.46808,234.87085],"latitude":-22.799545,"longitude":-43.445945,"timestamp":1543260827874}
{"tag":"SensorData","uuid":"d5b42c26-ca49-4efb-9bfe-9d8750f84ef8","source":"00000000-0000-0000-0001-bc6a29aecef5","action":"read","signal":-48,"sensor_name":"Temperature","sensor_value":[78.95747,92.98491],"latitude":-22.799545,"longitude":-43.445945,"timestamp":1543260827879}
{"tag":"SensorData","uuid":"d5b42c26-ca49-4efb-9bfe-9d8750f84ef8","source":"00000000-0000-0000-0001-bc6a29aecef5","action":"read","signal":-48,"sensor_name":"Temperature","sensor_value":[117.197174,62.91411],"latitude":-22.799545,"longitude":-43.445945,"timestamp":1543260827880}
{"tag":"SensorData","uuid":"d5b42c26-ca49-4efb-9bfe-9d8750f84ef8","source":"00000000-0000-0000-0001-bc6a29aecef5","action":"read","signal":-48,"sensor_name":"Temperature","sensor_value":[60.003143,94.135666],"latitude":-22.799545,"longitude":-43.445945,"timestamp":1543260827880}
{"tag":"SensorData","uuid":"d5b42c26-ca49-4efb-9bfe-9d8750f84ef8","source":"00000000-0000-0000-0001-bc6a29aecef5","action":"read","signal":-48,"sensor_name":"Temperature","sensor_value":[193.98486,130.65321],"latitude":-22.799545,"longitude":-43.445945,"timestamp":1543260827881}
{"tag":"SensorData","uuid":"d5b42c26-ca49-4efb-9bfe-9d8750f84ef8","source":"00000000-0000-0000-0001-bc6a29aecef5","action":"read","signal":-48,"sensor_name":"Temperature","sensor_value":[140.56966,241.19858],"latitude":-22.799545,"longitude":-43.445945,"timestamp":1543260827881}
{"tag":"SensorData","uuid":"d5b42c26-ca49-4efb-9bfe-9d8750f84ef8","source":"00000000-0000-0000-0001-bc6a29aecef5","action":"read","signal":-48,"sensor_name":"Temperature","sensor_value":[250.63602,253.23016],"latitude":-22.799545,"longitude":-43.445945,"timestamp":1543260827882}
{"tag":"SensorData","uuid":"d5b42c26-ca49-4efb-9bfe-9d8750f84ef8","source":"00000000-0000-0000-0001-bc6a29aecef5","action":"read","signal":-48,"sensor_name":"Temperature","sensor_value":[15.678191,86.82716],"latitude":-22.799545,"longitude":-43.445945,"timestamp":1543260827887}
{"tag":"SensorData","uuid":"d5b42c26-ca49-4efb-9bfe-9d8750f84ef8","source":"00000000-0000-0000-0001-bc6a29aecef5","action":"read","signal":-48,"sensor_name":"Temperature","sensor_value":[222.41376,45.652752],"latitude":-22.799545,"longitude":-43.445945,"timestamp":1543260827888}
{"tag":"SensorData","uuid":"d5b42c26-ca49-4efb-9bfe-9d8750f84ef8","source":"00000000-0000-0000-0001-bc6a29aecef5","action":"read","signal":-48,"sensor_name":"Temperature","sensor_value":[190.53067,210.76573],"latitude":-22.799545,"longitude":-43.445945,"timestamp":1543260827890}
{"tag":"SensorData","uuid":"d5b42c26-ca49-4efb-9bfe-9d8750f84ef8","source":"00000000-0000-0000-0001-bc6a29aecef5","action":"read","signal":-48,"sensor_name":"Temperature","sensor_value":[52.79145,167.94524],"latitude":-22.799545,"longitude":-43.445945,"timestamp":1543260827893}
{"tag":"SensorData","uuid":"d5b42c26-ca49-4efb-9bfe-9d8750f84ef8","source":"00000000-0000-0000-0001-bc6a29aecef5","action":"read","signal":-48,"sensor_name":"Temperature","sensor_value":[62.160194,7.334161],"latitude":-22.799545,"longitude":-43.445945,"timestamp":1543260827894}
{"tag":"SensorData","uuid":"d5b42c26-ca49-4efb-9bfe-9d8750f84ef8","source":"00000000-0000-0000-0001-bc6a29aecef5","action":"read","signal":-48,"sensor_name":"Temperature","sensor_value":[35.74013,228.56984],"latitude":-22.799545,"longitude":-43.445945,"timestamp":1543260827903}
{"tag":"SensorData","uuid":"d5b42c26-ca49-4efb-9bfe-9d8750f84ef8","source":"00000000-0000-0000-0001-bc6a29aecef5","action":"read","signal":-48,"sensor_name":"Temperature","sensor_value":[71.006134,23.112917],"latitude":-22.799545,"longitude":-43.445945,"timestamp":1543260827907}
{"tag":"SensorData","uuid":"d5b42c26-ca49-4efb-9bfe-9d8750f84ef8","source":"00000000-0000-0000-0001-bc6a29aecef5","action":"read","signal":-48,"sensor_name":"Temperature","sensor_value":[109.37637,118.78826],"latitude":-22.799545,"longitude":-43.445945,"timestamp":1543260827910}
{"tag":"SensorData","uuid":"d5b42c26-ca49-4efb-9bfe-9d8750f84ef8","source":"00000000-0000-0000-0001-bc6a29aecef5","action":"read","signal":-48,"sensor_name":"Temperature","sensor_value":[201.04964,150.84561],"latitude":-22.799545,"longitude":-43.445945,"timestamp":1543260827912}
{"tag":"SensorData","uuid":"d5b42c26-ca49-4efb-9bfe-9d8750f84ef8","source":"00000000-0000-0000-0001-bc6a29aecef5","action":"read","signal":-48,"sensor_name":"Temperature","sensor_value":[19.964111,114.889366],"latitude":-22.799545,"longitude":-43.445945,"timestamp":1543260827917}
{"tag":"SensorData","uuid":"d5b42c26-ca49-4efb-9bfe-9d8750f84ef8","source":"00000000-0000-0000-0001-bc6a29aecef5","action":"read","signal":-48,"sensor_name":"Temperature","sensor_value":[136.13806,55.373596],"latitude":-22.799545,"longitude":-43.445945,"timestamp":1543260827920}
{"tag":"SensorData","uuid":"d5b42c26-ca49-4efb-9bfe-9d8750f84ef8","source":"00000000-0000-0000-0001-bc6a29aecef5","action":"read","signal":-48,"sensor_name":"Temperature","sensor_value":[287.04883,158.05704],"latitude":-22.799545,"longitude":-43.445945,"timestamp":1543260827920}
{"tag":"SensorData","uuid":"d5b42c26-ca49-4efb-9bfe-9d8750f84ef8","source":"00000000-0000-0000-0001-bc6a29aecef5","action":"read","signal":-48,"sensor_name":"Temperature","sensor_value":[156.02403,210.504],"latitude":-22.799545,"longitude":-43.445945,"timestamp":1543260827921}
{"tag":"SensorData","uuid":"d5b42c26-ca49-4efb-9bfe-9d8750f84ef8","source":"00000000-0000-0000-0001-bc6a29aecef5","action":"read","signal":-48,"sensor_name":"Temperature","sensor_value":[206.0178,221.2677],"latitude":-22.799545,"longitude":-43.445945,"timestamp":1543260827928}
{"tag":"SensorData","uuid":"d5b42c26-ca49-4efb-9bfe-9d8750f84ef8","source":"00000000-0000-0000-0001-bc6a29aecef5","action":"read","signal":-48,"sensor_name":"Temperature","sensor_value":[288.8505,170.0378],"latitude":-22.799545,"longitude":-43.445945,"timestamp":1543260827929}
{"tag":"SensorData","uuid":"d5b42c26-ca49-4efb-9bfe-9d8750f84ef8","source":"00000000-0000-0000-0001-bc6a29aecef5","action":"read","signal":-48,"sensor_name":"Temperature","sensor_value":[271.22083,160.33005],"latitude":-22.799545,"longitude":-43.445945,"timestamp":1543260827929}
{"tag":"SensorData","uuid":"d5b42c26-ca49-4efb-9bfe-9d8750f84ef8","source":"00000000-0000-0000-0001-bc6a29aecef5","action":"read","signal":-48,"sensor_name":"Temperature","sensor_value":[94.362976,164.5922],"latitude":-22.799545,"longitude":-43.445945,"timestamp":1543260827930}
{"tag":"SensorData","uuid":"d5b42c26-ca49-4efb-9bfe-9d8750f84ef8","source":"00000000-0000-0000-0001-bc6a29aecef5","action":"read","signal":-48,"sensor_name":"Temperature","sensor_value":[142.15933,225.00739],"latitude":-22.799545,"longitude":-43.445945,"timestamp":1543260827945}
{"tag":"SensorData","uuid":"d5b42c26-ca49-4efb-9bfe-9d8750f84ef8","source":"00000000-0000-0000-0001-bc6a29aecef5","action":"read","signal":-48,"sensor_name":"Temperature","sensor_value":[167.55125,69.058495],"latitude":-22.799545,"longitude":-43.445945,"timestamp":1543260827946}
{"tag":"SensorData","uuid":"d5b42c26-ca49-4efb-9bfe-9d8750f84ef8","source":"00000000-0000-0000-0001-bc6a29aecef5","action":"read","signal":-48,"sensor_name":"Temperature","sensor_value":[128.72614,271.01303],"latitude":-22.799545,"longitude":-43.445945,"timestamp":1543260827946}
{"tag":"SensorData","uuid":"d5b42c26-ca49-4efb-9bfe-9d8750f84ef8","source":"00000000-0000-0000-0001-bc6a29aecef5","action":"read","signal":-48,"sensor_name":"Temperature","sensor_value":[25.064474,128.8812],"latitude":-22.799545,"longitude":-43.445945,"timestamp":1543260827947}
{"tag":"SensorData","uuid":"d5b42c26-ca49-4efb-9bfe-9d8750f84ef8","source":"00000000-0000-0000-0001-bc6a29aecef5","action":"read","signal":-48,"sensor_name":"Temperature","sensor_value":[215.0407,268.49286],"latitude":-22.799545,"longitude":-43.445945,"timestamp":1543260827951}
{"tag":"EventData","uuid":"d5b42c26-ca49-4efb-9bfe-9d8750f84ef8","label":"MaxAVG","data":{"average_tmp":20.353662100},"latitude":-22.799545,"longitude":-43.445945,"timestamp":1543260827951}
{"tag":"EventData","uuid":"d5b42c26-ca49-4efb-9bfe-9d8750f84ef8","label":"AVGHumidity","data":{"value_humi":163.20445},"latitude":-22.799545,"longitude":-43.445945,"timestamp":1543260828952}
{"tag":"EventData","uuid":"d5b42c26-ca49-4efb-9bfe-9d8750f84ef8","label":"MaxAVG","data":{"average_tmp":8.1753845100},"latitude":-22.799545,"longitude":-43.445945,"timestamp":1543260828953}
{"tag":"EventData","uuid":"d5b42c26-ca49-4efb-9bfe-9d8750f84ef8","label":"AVGHumidity","data":{"value_humi":168.74922},"latitude":-22.799545,"longitude":-43.445945,"timestamp":1543260829954}
{"tag":"EventData","uuid":"d5b42c26-ca49-4efb-9bfe-9d8750f84ef8","label":"MaxAVG","data":{"average_tmp":109.82428100},"latitude":-22.799545,"longitude":-43.445945,"timestamp":1543260829955}
{"tag":"EventData","uuid":"d5b42c26-ca49-4efb-9bfe-9d8750f84ef8","label":"AVGHumidity","data":{"value_humi":79.454124},"latitude":-22.799545,"longitude":-43.445945,"timestamp":1543260830957}
{"tag":"EventData","uuid":"d5b42c26-ca49-4efb-9bfe-9d8750f84ef8","label":"MaxAVG","data":{"average_tmp":64.58106100},"latitude":-22.799545,"longitude":-43.445945,"timestamp":1543260830958}
{"tag":"EventData","uuid":"d5b42c26-ca49-4efb-9bfe-9d8750f84ef8","label":"AVGHumidity","data":{"value_humi":115.35379},"latitude":-22.799545,"longitude":-43.445945,"timestamp":1543260831959}
{"tag":"EventData","uuid":"d5b42c26-ca49-4efb-9bfe-9d8750f84ef8","label":"MaxAVG","data":{"average_tmp":128.33981100},"latitude":-22.799545,"longitude":-43.445945,"timestamp":1543260831962}
{"tag":"EventData","uuid":"d5b42c26-ca49-4efb-9bfe-9d8750f84ef8","label":"AVGHumidity","data":{"value_humi":100.657295},"latitude":-22.799545,"longitude":-43.445945,"timestamp":1543260832965}
{"tag":"EventData","uuid":"d5b42c26-ca49-4efb-9bfe-9d8750f84ef8","label":"MaxAVG","data":{"average_tmp":146.3536100},"latitude":-22.799545,"longitude":-43.445945,"timestamp":1543260832966}
{"tag":"EventData","uuid":"d5b42c26-ca49-4efb-9bfe-9d8750f84ef8","label":"AVGHumidity","data":{"value_humi":35.71092},"latitude":-22.799545,"longitude":-43.445945,"timestamp":1543260833971}
{"tag":"EventData","uuid":"d5b42c26-ca49-4efb-9bfe-9d8750f84ef8","label":"MaxAVG","data":{"average_tmp":189.84683100},"latitude":-22.799545,"longitude":-43.445945,"timestamp":1543260833972}
{"tag":"EventData","uuid":"d5b42c26-ca49-4efb-9bfe-9d8750f84ef8","label":"AVGHumidity","data":{"value_humi":119.4377},"latitude":-22.799545,"longitude":-43.445945,"timestamp":1543260834973}
{"tag":"EventData","uuid":"d5b42c26-ca49-4efb-9bfe-9d8750f84ef8","label":"MaxAVG","data":{"average_tmp":95.7816100},"latitude":-22.799545,"longitude":-43.445945,"timestamp":1543260834974}
{"tag":"EventData","uuid":"d5b42c26-ca49-4efb-9bfe-9d8750f84ef8","label":"AVGHumidity","data":{"value_humi":56.473362},"latitude":-22.799545,"longitude":-43.445945,"timestamp":1543260835980}
{"tag":"EventData","uuid":"d5b42c26-ca49-4efb-9bfe-9d8750f84ef8","label":"MaxAVG","data":{"average_tmp":75.16092100},"latitude":-22.799545,"longitude":-43.445945,"timestamp":1543260835981}
{"tag":"EventData","uuid":"d5b42c26-ca49-4efb-9bfe-9d8750f84ef8","label":"AVGHumidity","data":{"value_humi":75.02829},"latitude":-22.799545,"longitude":-43.445945,"timestamp":1543260836983}
{"tag":"EventData","uuid":"d5b42c26-ca49-4efb-9bfe-9d8750f84ef8","label":"MaxAVG","data":{"average_tmp":150.6579100},"latitude":-22.799545,"longitude":-43.445945,"timestamp":1543260836984}
{"tag":"EventData","uuid":"d5b42c26-ca49-4efb-9bfe-9d8750f84ef8","label":"AVGHumidity","data":{"value_humi":16.199648},"latitude":-22.799545,"longitude":-43.445945,"timestamp":1543260837988}
{"tag":"EventData","uuid":"d5b42c26-ca49-4efb-9bfe-9d8750f84ef8","label":"MaxAVG","data":{"average_tmp":108.74238100},"latitude":-22.799545,"longitude":-43.445945,"timestamp":1543260837998}
{"tag":"EventData","uuid":"d5b42c26-ca49-4efb-9bfe-9d8750f84ef8","label":"AVGHumidity","data":{"value_humi":78.18574},"latitude":-22.799545,"longitude":-43.445945,"timestamp":1543260839002}
{"tag":"EventData","uuid":"d5b42c26-ca49-4efb-9bfe-9d8750f84ef8","label":"MaxAVG","data":{"average_tmp":199.30608100},"latitude":-22.799545,"longitude":-43.445945,"timestamp":1543260839003}
{"tag":"EventData","uuid":"d5b42c26-ca49-4efb-9bfe-9d8750f84ef8","label":"AVGHumidity","data":{"value_humi":88.13648},"latitude":-22.799545,"longitude":-43.445945,"timestamp":1543260840007}
{"tag":"EventData","uuid":"d5b42c26-ca49-4efb-9bfe-9d8750f84ef8","label":"MaxAVG","data":{"average_tmp":79.54868100},"latitude":-22.799545,"longitude":-43.445945,"timestamp":1543260840012}
{"tag":"EventData","uuid":"d5b42c26-ca49-4efb-9bfe-9d8750f84ef8","label":"AVGHumidity","data":{"value_humi":130.20192},"latitude":-22.799545,"longitude":-43.445945,"timestamp":1543260841019}
{"tag":"EventData","uuid":"d5b42c26-ca49-4efb-9bfe-9d8750f84ef8","label":"MaxAVG","data":{"average_tmp":92.39493100},"latitude":-22.799545,"longitude":-43.445945,"timestamp":1543260841020}
{"tag":"EventData","uuid":"d5b42c26-ca49-4efb-9bfe-9d8750f84ef8","label":"AVGHumidity","data":{"value_humi":181.27911},"latitude":-22.799545,"longitude":-43.445945,"timestamp":1543260842022}
{"tag":"EventData","uuid":"d5b42c26-ca49-4efb-9bfe-9d8750f84ef8","label":"MaxAVG","data":{"average_tmp":164.81004100},"latitude":-22.799545,"longitude":-43.445945,"timestamp":1543260842023}
{"tag":"EventData","uuid":"d5b42c26-ca49-4efb-9bfe-9d8750f84ef8","label":"AVGHumidity","data":{"value_humi":76.60166},"latitude":-22.799545,"longitude":-43.445945,"timestamp":1543260843027}
{"tag":"EventData","uuid":"d5b42c26-ca49-4efb-9bfe-9d8750f84ef8","label":"MaxAVG","data":{"average_tmp":117.153595100},"latitude":-22.799545,"longitude":-43.445945,"timestamp":1543260843028}
{"tag":"EventData","uuid":"d5b42c26-ca49-4efb-9bfe-9d8750f84ef8","label":"AVGHumidity","data":{"value_humi":159.43828},"latitude":-22.799545,"longitude":-43.445945,"timestamp":1543260844039}
{"tag":"EventData","uuid":"d5b42c26-ca49-4efb-9bfe-9d8750f84ef8","label":"MaxAVG","data":{"average_tmp":95.73985100},"latitude":-22.799545,"longitude":-43.445945,"timestamp":1543260844040}
{"tag":"EventData","uuid":"d5b42c26-ca49-4efb-9bfe-9d8750f84ef8","label":"AVGHumidity","data":{"value_humi":141.31067},"latitude":-22.799545,"longitude":-43.445945,"timestamp":1543260845042}
{"tag":"EventData","uuid":"d5b42c26-ca49-4efb-9bfe-9d8750f84ef8","label":"MaxAVG","data":{"average_tmp":84.497955100},"latitude":-22.799545,"longitude":-43.445945,"timestamp":1543260845043}
{"tag":"EventData","uuid":"d5b42c26-ca49-4efb-9bfe-9d8750f84ef8","label":"AVGHumidity","data":{"value_humi":111.532936},"latitude":-22.799545,"longitude":-43.445945,"timestamp":1543260846046}
{"tag":"EventData","uuid":"d5b42c26-ca49-4efb-9bfe-9d8750f84ef8","label":"MaxAVG","data":{"average_tmp":127.95298100},"latitude":-22.799545,"longitude":-43.445945,"timestamp":1543260846049}
{"tag":"EventData","uuid":"d5b42c26-ca49-4efb-9bfe-9d8750f84ef8","label":"AVGHumidity","data":{"value_humi":32.35247},"latitude":-22.799545,"longitude":-43.445945,"timestamp":1543260847053}
{"tag":"EventData","uuid":"d5b42c26-ca49-4efb-9bfe-9d8750f84ef8","label":"MaxAVG","data":{"average_tmp":197.4287100},"latitude":-22.799545,"longitude":-43.445945,"timestamp":1543260847054}
{"tag":"EventData","uuid":"d5b42c26-ca49-4efb-9bfe-9d8750f84ef8","label":"AVGHumidity","data":{"value_humi":142.51924},"latitude":-22.799545,"longitude":-43.445945,"timestamp":1543260848058}
{"tag":"EventData","uuid":"d5b42c26-ca49-4efb-9bfe-9d8750f84ef8","label":"MaxAVG","data":{"average_tmp":116.42776100},"latitude":-22.799545,"longitude":-43.445945,"timestamp":1543260848059}
{"tag":"EventData","uuid":"d5b42c26-ca49-4efb-9bfe-9d8750f84ef8","label":"AVGHumidity","data":{"value_humi":110.7453},"latitude":-22.799545,"longitude":-43.445945,"timestamp":1543260849061}
{"tag":"EventData","uuid":"d5b42c26-ca49-4efb-9bfe-9d8750f84ef8","label":"MaxAVG","data":{"average_tmp":92.56914100},"latitude":-22.799545,"longitude":-43.445945,"timestamp":1543260849062}
{"tag":"EventData","uuid":"d5b42c26-ca49-4efb-9bfe-9d8750f84ef8","label":"AVGHumidity","data":{"value_humi":81.97366},"latitude":-22.799545,"longitude":-43.445945,"timestamp":1543260850064}
{"tag":"EventData","uuid":"d5b42c26-ca49-4efb-9bfe-9d8750f84ef8","label":"MaxAVG","data":{"average_tmp":52.007664100},"latitude":-22.799545,"longitude":-43.445945,"timestamp":1543260850065}
{"tag":"EventData","uuid":"d5b42c26-ca49-4efb-9bfe-9d8750f84ef8","label":"AVGHumidity","data":{"value_humi":43.56463},"latitude":-22.799545,"longitude":-43.445945,"timestamp":1543260851065}
{"tag":"EventData","uuid":"d5b42c26-ca49-4efb-9bfe-9d8750f84ef8","label":"MaxAVG","data":{"average_tmp":5.761862100},"latitude":-22.799545,"longitude":-43.445945,"timestamp":1543260851067}
{"tag":"EventData","uuid":"d5b42c26-ca49-4efb-9bfe-9d8750f84ef8","label":"AVGHumidity","data":{"value_humi":15.846336},"latitude":-22.799545,"longitude":-43.445945,"timestamp":1543260852068}
{"tag":"EventData","uuid":"d5b42c26-ca49-4efb-9bfe-9d8750f84ef8","label":"MaxAVG","data":{"average_tmp":122.66042100},"latitude":-22.799545,"longitude":-43.445945,"timestamp":1543260852070}
{"tag":"EventData","uuid":"d5b42c26-ca49-4efb-9bfe-9d8750f84ef8","label":"AVGHumidity","data":{"value_humi":190.0306},"latitude":-22.799545,"longitude":-43.445945,"timestamp":1543260853080}
{"tag":"EventData","uuid":"d5b42c26-ca49-4efb-9bfe-9d8750f84ef8","label":"MaxAVG","data":{"average_tmp":36.95581100},"latitude":-22.799545,"longitude":-43.445945,"timestamp":1543260853089}
{"tag":"EventData","uuid":"d5b42c26-ca49-4efb-9bfe-9d8750f84ef8","label":"AVGHumidity","data":{"value_humi":182.16928},"latitude":-22.799545,"longitude":-43.445945,"timestamp":1543260854090}
{"tag":"EventData","uuid":"d5b42c26-ca49-4efb-9bfe-9d8750f84ef8","label":"MaxAVG","data":{"average_tmp":5.328095100},"latitude":-22.799545,"longitude":-43.445945,"timestamp":1543260854091}
{"tag":"EventData","uuid":"d5b42c26-ca49-4efb-9bfe-9d8750f84ef8","label":"AVGHumidity","data":{"value_humi":13.38377},"latitude":-22.799545,"longitude":-43.445945,"timestamp":1543260855093}
{"tag":"EventData","uuid":"d5b42c26-ca49-4efb-9bfe-9d8750f84ef8","label":"MaxAVG","data":{"average_tmp":60.043465100},"latitude":-22.799545,"longitude":-43.445945,"timestamp":1543260855095}
{"tag":"EventData","uuid":"d5b42c26-ca49-4efb-9bfe-9d8750f84ef8","label":"AVGHumidity","data":{"value_humi":141.83858},"latitude":-22.799545,"longitude":-43.445945,"timestamp":1543260856097}
{"tag":"EventData","uuid":"d5b42c26-ca49-4efb-9bfe-9d8750f84ef8","label":"MaxAVG","data":{"average_tmp":34.154938100},"latitude":-22.799545,"longitude":-43.445945,"timestamp":1543260856098}
{"tag":"EventData","uuid":"d5b42c26-ca49-4efb-9bfe-9d8750f84ef8","label":"AVGHumidity","data":{"value_humi":118.17275},"latitude":-22.799545,"longitude":-43.445945,"timestamp":1543260857099}
{"tag":"EventData","uuid":"d5b42c26-ca49-4efb-9bfe-9d8750f84ef8","label":"MaxAVG","data":{"average_tmp":108.219765100},"latitude":-22.799545,"longitude":-43.445945,"timestamp":1543260857100}
{"tag":"EventData","uuid":"d5b42c26-ca49-4efb-9bfe-9d8750f84ef8","label":"AVGHumidity","data":{"value_humi":180.70207},"latitude":-22.799545,"longitude":-43.445945,"timestamp":1543260858103}
{"tag":"EventData","uuid":"d5b42c26-ca49-4efb-9bfe-9d8750f84ef8","label":"MaxAVG","data":{"average_tmp":12.947762100},"latitude":-22.799545,"longitude":-43.445945,"timestamp":1543260858104}
{"tag":"EventData","uuid":"d5b42c26-ca49-4efb-9bfe-9d8750f84ef8","label":"AVGHumidity","data":{"value_humi":88.198},"latitude":-22.799545,"longitude":-43.445945,"timestamp":1543260859106}
{"tag":"EventData","uuid":"d5b42c26-ca49-4efb-9bfe-9d8750f84ef8","label":"MaxAVG","data":{"average_tmp":48.741055100},"latitude":-22.799545,"longitude":-43.445945,"timestamp":1543260859107}
{"tag":"EventData","uuid":"d5b42c26-ca49-4efb-9bfe-9d8750f84ef8","label":"AVGHumidity","data":{"value_humi":159.93958},"latitude":-22.799545,"longitude":-43.445945,"timestamp":1543260860110}
{"tag":"EventData","uuid":"d5b42c26-ca49-4efb-9bfe-9d8750f84ef8","label":"MaxAVG","data":{"average_tmp":137.48242100},"latitude":-22.799545,"longitude":-43.445945,"timestamp":1543260860111}
{"tag":"EventData","uuid":"d5b42c26-ca49-4efb-9bfe-9d8750f84ef8","label":"AVGHumidity","data":{"value_humi":101.37376},"latitude":-22.799545,"longitude":-43.445945,"timestamp":1543260861113}
{"tag":"EventData","uuid":"d5b42c26-ca49-4efb-9bfe-9d8750f84ef8","label":"MaxAVG","data":{"average_tmp":196.39636100},"latitude":-22.799545,"longitude":-43.445945,"timestamp":1543260861114}
{"tag":"EventData","uuid":"d5b42c26-ca49-4efb-9bfe-9d8750f84ef8","label":"AVGHumidity","data":{"value_humi":129.50337},"latitude":-22.799545,"longitude":-43.445945,"timestamp":1543260862119}
{"tag":"EventData","uuid":"d5b42c26-ca49-4efb-9bfe-9d8750f84ef8","label":"MaxAVG","data":{"average_tmp":82.868614100},"latitude":-22.799545,"longitude":-43.445945,"timestamp":1543260862120}
{"tag":"EventData","uuid":"d5b42c26-ca49-4efb-9bfe-9d8750f84ef8","label":"AVGHumidity","data":{"value_humi":41.81217},"latitude":-22.799545,"longitude":-43.445945,"timestamp":1543260863121}
{"tag":"EventData","uuid":"d5b42c26-ca49-4efb-9bfe-9d8750f84ef8","label":"MaxAVG","data":{"average_tmp":54.830696100},"latitude":-22.799545,"longitude":-43.445945,"timestamp":1543260863123}
{"tag":"EventData","uuid":"d5b42c26-ca49-4efb-9bfe-9d8750f84ef8","label":"AVGHumidity","data":{"value_humi":122.76982},"latitude":-22.799545,"longitude":-43.445945,"timestamp":1543260864125}
{"tag":"EventData","uuid":"d5b42c26-ca49-4efb-9bfe-9d8750f84ef8","label":"MaxAVG","data":{"average_tmp":0.6684184100},"latitude":-22.799545,"longitude":-43.445945,"timestamp":1543260864126}
{"tag":"EventData","uuid":"d5b42c26-ca49-4efb-9bfe-9d8750f84ef8","label":"AVGHumidity","data":{"value_humi":90.46775},"latitude":-22.799545,"longitude":-43.445945,"timestamp":1543260865127}
{"tag":"EventData","uuid":"d5b42c26-ca49-4efb-9bfe-9d8750f84ef8","label":"MaxAVG","data":{"average_tmp":39.999996100},"latitude":-22.799545,"longitude":-43.445945,"timestamp":1543260865128}
{"tag":"EventData","uuid":"d5b42c26-ca49-4efb-9bfe-9d8750f84ef8","label":"AVGHumidity","data":{"value_humi":135.20006},"latitude":-22.799545,"longitude":-43.445945,"timestamp":1543260866130}
{"tag":"EventData","uuid":"d5b42c26-ca49-4efb-9bfe-9d8750f84ef8","label":"MaxAVG","data":{"average_tmp":177.11736100},"latitude":-22.799545,"longitude":-43.445945,"timestamp":1543260866131}
{"tag":"EventData","uuid":"d5b42c26-ca49-4efb-9bfe-9d8750f84ef8","label":"AVGHumidity","data":{"value_humi":28.200745},"latitude":-22.799545,"longitude":-43.445945,"timestamp":1543260867132}
{"tag":"EventData","uuid":"d5b42c26-ca49-4efb-9bfe-9d8750f84ef8","label":"MaxAVG","data":{"average_tmp":3.7974358100},"latitude":-22.799545,"longitude":-43.445945,"timestamp":1543260867134}
{"tag":"EventData","uuid":"d5b42c26-ca49-4efb-9bfe-9d8750f84ef8","label":"AVGHumidity","data":{"value_humi":53.398968},"latitude":-22.799545,"longitude":-43.445945,"timestamp":1543260868135}
{"tag":"EventData","uuid":"d5b42c26-ca49-4efb-9bfe-9d8750f84ef8","label":"MaxAVG","data":{"average_tmp":199.84619100},"latitude":-22.799545,"longitude":-43.445945,"timestamp":1543260868136}
{"tag":"EventData","uuid":"d5b42c26-ca49-4efb-9bfe-9d8750f84ef8","label":"AVGHumidity","data":{"value_humi":26.476372},"latitude":-22.799545,"longitude":-43.445945,"timestamp":1543260869138}
{"tag":"EventData","uuid":"d5b42c26-ca49-4efb-9bfe-9d8750f84ef8","label":"MaxAVG","data":{"average_tmp":194.54959100},"latitude":-22.799545,"longitude":-43.445945,"timestamp":1543260869139}
{"tag":"EventData","uuid":"d5b42c26-ca49-4efb-9bfe-9d8750f84ef8","label":"AVGHumidity","data":{"value_humi":28.620731},"latitude":-22.799545,"longitude":-43.445945,"timestamp":1543260870140}
{"tag":"EventData","uuid":"d5b42c26-ca49-4efb-9bfe-9d8750f84ef8","label":"MaxAVG","data":{"average_tmp":166.72905100},"latitude":-22.799545,"longitude":-43.445945,"timestamp":1543260870141}
{"tag":"EventData","uuid":"d5b42c26-ca49-4efb-9bfe-9d8750f84ef8","label":"AVGHumidity","data":{"value_humi":89.84074},"latitude":-22.799545,"longitude":-43.445945,"timestamp":1543260871144}
{"tag":"EventData","uuid":"d5b42c26-ca49-4efb-9bfe-9d8750f84ef8","label":"MaxAVG","data":{"average_tmp":22.577118100},"latitude":-22.799545,"longitude":-43.445945,"timestamp":1543260871152}
{"tag":"EventData","uuid":"d5b42c26-ca49-4efb-9bfe-9d8750f84ef8","label":"AVGHumidity","data":{"value_humi":70.98725},"latitude":-22.799545,"longitude":-43.445945,"timestamp":1543260872160}
{"tag":"EventData","uuid":"d5b42c26-ca49-4efb-9bfe-9d8750f84ef8","label":"MaxAVG","data":{"average_tmp":62.319195100},"latitude":-22.799545,"longitude":-43.445945,"timestamp":1543260872161}
{"tag":"EventData","uuid":"d5b42c26-ca49-4efb-9bfe-9d8750f84ef8","label":"AVGHumidity","data":{"value_humi":57.021034},"latitude":-22.799545,"longitude":-43.445945,"timestamp":1543260873161}
{"tag":"EventData","uuid":"d5b42c26-ca49-4efb-9bfe-9d8750f84ef8","label":"MaxAVG","data":{"average_tmp":132.51828100},"latitude":-22.799545,"longitude":-43.445945,"timestamp":1543260873162}
{"tag":"EventData","uuid":"d5b42c26-ca49-4efb-9bfe-9d8750f84ef8","label":"AVGHumidity","data":{"value_humi":108.86427},"latitude":-22.799545,"longitude":-43.445945,"timestamp":1543260874165}
{"tag":"EventData","uuid":"d5b42c26-ca49-4efb-9bfe-9d8750f84ef8","label":"MaxAVG","data":{"average_tmp":106.258606100},"latitude":-22.799545,"longitude":-43.445945,"timestamp":1543260874165}
{"tag":"EventData","uuid":"d5b42c26-ca49-4efb-9bfe-9d8750f84ef8","label":"AVGHumidity","data":{"value_humi":54.503918},"latitude":-22.799545,"longitude":-43.445945,"timestamp":1543260875167}
{"tag":"EventData","uuid":"d5b42c26-ca49-4efb-9bfe-9d8750f84ef8","label":"MaxAVG","data":{"average_tmp":122.3363100},"latitude":-22.799545,"longitude":-43.445945,"timestamp":1543260875168}
{"tag":"EventData","uuid":"d5b42c26-ca49-4efb-9bfe-9d8750f84ef8","label":"AVGHumidity","data":{"value_humi":92.80819},"latitude":-22.799545,"longitude":-43.445945,"timestamp":1543260876168}
{"tag":"EventData","uuid":"d5b42c26-ca49-4efb-9bfe-9d8750f84ef8","label":"MaxAVG","data":{"average_tmp":111.00939100},"latitude":-22.799545,"longitude":-43.445945,"timestamp":1543260876169}
{"tag":"EventData","uuid":"d5b42c26-ca49-4efb-9bfe-9d8750f84ef8","label":"AVGHumidity","data":{"value_humi":183.5016},"latitude":-22.799545,"longitude":-43.445945,"timestamp":1543260877172}
{"tag":"EventData","uuid":"d5b42c26-ca49-4efb-9bfe-9d8750f84ef8","label":"MaxAVG","data":{"average_tmp":178.21103100},"latitude":-22.799545,"longitude":-43.445945,"timestamp":1543260877173}
{"tag":"EventData","uuid":"d5b42c26-ca49-4efb-9bfe-9d8750f84ef8","label":"AVGHumidity","data":{"value_humi":192.21332},"latitude":-22.799545,"longitude":-43.445945,"timestamp":1543260878174}
{"tag":"EventData","uuid":"d5b42c26-ca49-4efb-9bfe-9d8750f84ef8","label":"MaxAVG","data":{"average_tmp":159.71579100},"latitude":-22.799545,"longitude":-43.445945,"timestamp":1543260878175}
{"tag":"EventData","uuid":"d5b42c26-ca49-4efb-9bfe-9d8750f84ef8","label":"AVGHumidity","data":{"value_humi":24.948479},"latitude":-22.799545,"longitude":-43.445945,"timestamp":1543260879175}
{"tag":"EventData","uuid":"d5b42c26-ca49-4efb-9bfe-9d8750f84ef8","label":"MaxAVG","data":{"average_tmp":114.30101100},"latitude":-22.799545,"longitude":-43.445945,"timestamp":1543260879176}
{"tag":"EventData","uuid":"d5b42c26-ca49-4efb-9bfe-9d8750f84ef8","label":"AVGHumidity","data":{"value_humi":4.678118},"latitude":-22.799545,"longitude":-43.445945,"timestamp":1543260880188}
{"tag":"EventData","uuid":"d5b42c26-ca49-4efb-9bfe-9d8750f84ef8","label":"MaxAVG","data":{"average_tmp":11.424637100},"latitude":-22.799545,"longitude":-43.445945,"timestamp":1543260880199}
{"tag":"EventData","uuid":"d5b42c26-ca49-4efb-9bfe-9d8750f84ef8","label":"AVGHumidity","data":{"value_humi":167.17424},"latitude":-22.799545,"longitude":-43.445945,"timestamp":1543260881200}
{"tag":"EventData","uuid":"d5b42c26-ca49-4efb-9bfe-9d8750f84ef8","label":"MaxAVG","data":{"average_tmp":90.905594100},"latitude":-22.799545,"longitude":-43.445945,"timestamp":1543260881201}
{"tag":"EventData","uuid":"d5b42c26-ca49-4efb-9bfe-9d8750f84ef8","label":"AVGHumidity","data":{"value_humi":136.36923},"latitude":-22.799545,"longitude":-43.445945,"timestamp":1543260882202}
{"tag":"EventData","uuid":"d5b42c26-ca49-4efb-9bfe-9d8750f84ef8","label":"MaxAVG","data":{"average_tmp":96.58583100},"latitude":-22.799545,"longitude":-43.445945,"timestamp":1543260882203}
{"tag":"EventData","uuid":"d5b42c26-ca49-4efb-9bfe-9d8750f84ef8","label":"AVGHumidity","data":{"value_humi":84.51632},"latitude":-22.799545,"longitude":-43.445945,"timestamp":1543260883208}
{"tag":"EventData","uuid":"d5b42c26-ca49-4efb-9bfe-9d8750f84ef8","label":"MaxAVG","data":{"average_tmp":28.460384100},"latitude":-22.799545,"longitude":-43.445945,"timestamp":1543260883208}
{"tag":"EventData","uuid":"d5b42c26-ca49-4efb-9bfe-9d8750f84ef8","label":"AVGHumidity","data":{"value_humi":74.755516},"latitude":-22.799545,"longitude":-43.445945,"timestamp":1543260884209}
{"tag":"EventData","uuid":"d5b42c26-ca49-4efb-9bfe-9d8750f84ef8","label":"MaxAVG","data":{"average_tmp":42.424118100},"latitude":-22.799545,"longitude":-43.445945,"timestamp":1543260884210}
{"tag":"EventData","uuid":"d5b42c26-ca49-4efb-9bfe-9d8750f84ef8","label":"AVGHumidity","data":{"value_humi":171.37917},"latitude":-22.799545,"longitude":-43.445945,"timestamp":1543260885217}
{"tag":"EventData","uuid":"d5b42c26-ca49-4efb-9bfe-9d8750f84ef8","label":"MaxAVG","data":{"average_tmp":165.00505100},"latitude":-22.799545,"longitude":-43.445945,"timestamp":1543260885218}
{"tag":"EventData","uuid":"d5b42c26-ca49-4efb-9bfe-9d8750f84ef8","label":"AVGHumidity","data":{"value_humi":23.650705},"latitude":-22.799545,"longitude":-43.445945,"timestamp":1543260886219}
{"tag":"EventData","uuid":"d5b42c26-ca49-4efb-9bfe-9d8750f84ef8","label":"MaxAVG","data":{"average_tmp":116.538086100},"latitude":-22.799545,"longitude":-43.445945,"timestamp":1543260886220}
{"tag":"EventData","uuid":"d5b42c26-ca49-4efb-9bfe-9d8750f84ef8","label":"AVGHumidity","data":{"value_humi":40.591084},"latitude":-22.799545,"longitude":-43.445945,"timestamp":1543260887221}
{"tag":"EventData","uuid":"d5b42c26-ca49-4efb-9bfe-9d8750f84ef8","label":"MaxAVG","data":{"average_tmp":121.45333100},"latitude":-22.799545,"longitude":-43.445945,"timestamp":1543260887222}
{"tag":"EventData","uuid":"d5b42c26-ca49-4efb-9bfe-9d8750f84ef8","label":"AVGHumidity","data":{"value_humi":127.71445},"latitude":-22.799545,"longitude":-43.445945,"timestamp":1543260888224}
{"tag":"EventData","uuid":"d5b42c26-ca49-4efb-9bfe-9d8750f84ef8","label":"MaxAVG","data":{"average_tmp":97.29761100},"latitude":-22.799545,"longitude":-43.445945,"timestamp":1543260888225}
{"tag":"EventData","uuid":"d5b42c26-ca49-4efb-9bfe-9d8750f84ef8","label":"AVGHumidity","data":{"value_humi":47.42421},"latitude":-22.799545,"longitude":-43.445945,"timestamp":1543260889227}
{"tag":"EventData","uuid":"d5b42c26-ca49-4efb-9bfe-9d8750f84ef8","label":"MaxAVG","data":{"average_tmp":102.66442100},"latitude":-22.799545,"longitude":-43.445945,"timestamp":1543260889228}
{"tag":"EventData","uuid":"d5b42c26-ca49-4efb-9bfe-9d8750f84ef8","label":"AVGHumidity","data":{"value_humi":88.54505},"latitude":-22.799545,"longitude":-43.445945,"timestamp":1543260890232}
{"tag":"EventData","uuid":"d5b42c26-ca49-4efb-9bfe-9d8750f84ef8","label":"MaxAVG","data":{"average_tmp":182.44147100},"latitude":-22.799545,"longitude":-43.445945,"timestamp":1543260890232}
{"tag":"EventData","uuid":"d5b42c26-ca49-4efb-9bfe-9d8750f84ef8","label":"AVGHumidity","data":{"value_humi":3.4857154},"latitude":-22.799545,"longitude":-43.445945,"timestamp":1543260891234}
{"tag":"EventData","uuid":"d5b42c26-ca49-4efb-9bfe-9d8750f84ef8","label":"MaxAVG","data":{"average_tmp":57.715797100},"latitude":-22.799545,"longitude":-43.445945,"timestamp":1543260891235}
{"tag":"EventData","uuid":"d5b42c26-ca49-4efb-9bfe-9d8750f84ef8","label":"AVGHumidity","data":{"value_humi":74.132965},"latitude":-22.799545,"longitude":-43.445945,"timestamp":1543260892236}
{"tag":"EventData","uuid":"d5b42c26-ca49-4efb-9bfe-9d8750f84ef8","label":"MaxAVG","data":{"average_tmp":137.62645100},"latitude":-22.799545,"longitude":-43.445945,"timestamp":1543260892237}
{"tag":"EventData","uuid":"d5b42c26-ca49-4efb-9bfe-9d8750f84ef8","label":"AVGHumidity","data":{"value_humi":166.32413},"latitude":-22.799545,"longitude":-43.445945,"timestamp":1543260893241}
{"tag":"EventData","uuid":"d5b42c26-ca49-4efb-9bfe-9d8750f84ef8","label":"MaxAVG","data":{"average_tmp":42.714466100},"latitude":-22.799545,"longitude":-43.445945,"timestamp":1543260893241}
{"tag":"EventData","uuid":"d5b42c26-ca49-4efb-9bfe-9d8750f84ef8","label":"AVGHumidity","data":{"value_humi":92.61333},"latitude":-22.799545,"longitude":-43.445945,"timestamp":1543260894242}
{"tag":"EventData","uuid":"d5b42c26-ca49-4efb-9bfe-9d8750f84ef8","label":"MaxAVG","data":{"average_tmp":183.58035100},"latitude":-22.799545,"longitude":-43.445945,"timestamp":1543260894243}
{"tag":"EventData","uuid":"d5b42c26-ca49-4efb-9bfe-9d8750f84ef8","label":"AVGHumidity","data":{"value_humi":108.449265},"latitude":-22.799545,"longitude":-43.445945,"timestamp":1543260895244}
{"tag":"EventData","uuid":"d5b42c26-ca49-4efb-9bfe-9d8750f84ef8","label":"MaxAVG","data":{"average_tmp":41.622364100},"latitude":-22.799545,"longitude":-43.445945,"timestamp":1543260895245}
{"tag":"EventData","uuid":"d5b42c26-ca49-4efb-9bfe-9d8750f84ef8","label":"AVGHumidity","data":{"value_humi":66.81514},"latitude":-22.799545,"longitude":-43.445945,"timestamp":1543260896245}
{"tag":"EventData","uuid":"d5b42c26-ca49-4efb-9bfe-9d8750f84ef8","label":"MaxAVG","data":{"average_tmp":82.0954100},"latitude":-22.799545,"longitude":-43.445945,"timestamp":1543260896246}
{"tag":"EventData","uuid":"d5b42c26-ca49-4efb-9bfe-9d8750f84ef8","label":"AVGHumidity","data":{"value_humi":8.045208},"latitude":-22.799545,"longitude":-43.445945,"timestamp":1543260897247}
{"tag":"EventData","uuid":"d5b42c26-ca49-4efb-9bfe-9d8750f84ef8","label":"MaxAVG","data":{"average_tmp":135.5528100},"latitude":-22.799545,"longitude":-43.445945,"timestamp":1543260897248}
{"tag":"EventData","uuid":"d5b42c26-ca49-4efb-9bfe-9d8750f84ef8","label":"AVGHumidity","data":{"value_humi":142.88431},"latitude":-22.799545,"longitude":-43.445945,"timestamp":1543260898250}
{"tag":"EventData","uuid":"d5b42c26-ca49-4efb-9bfe-9d8750f84ef8","label":"MaxAVG","data":{"average_tmp":91.20853100},"latitude":-22.799545,"longitude":-43.445945,"timestamp":1543260898251}
{"tag":"EventData","uuid":"d5b42c26-ca49-4efb-9bfe-9d8750f84ef8","label":"AVGHumidity","data":{"value_humi":21.809244},"latitude":-22.799545,"longitude":-43.445945,"timestamp":1543260899253}
{"tag":"EventData","uuid":"d5b42c26-ca49-4efb-9bfe-9d8750f84ef8","label":"MaxAVG","data":{"average_tmp":22.554731100},"latitude":-22.799545,"longitude":-43.445945,"timestamp":1543260899254}
{"tag":"EventData","uuid":"d5b42c26-ca49-4efb-9bfe-9d8750f84ef8","label":"AVGHumidity","data":{"value_humi":6.8086863},"latitude":-22.799545,"longitude":-43.445945,"timestamp":1543260900255}
{"tag":"EventData","uuid":"d5b42c26-ca49-4efb-9bfe-9d8750f84ef8","label":"MaxAVG","data":{"average_tmp":9.124422100},"latitude":-22.799545,"longitude":-43.445945,"timestamp":1543260900256}
{"tag":"EventData","uuid":"d5b42c26-ca49-4efb-9bfe-9d8750f84ef8","label":"AVGHumidity","data":{"value_humi":126.251816},"latitude":-22.799545,"longitude":-43.445945,"timestamp":1543260901257}
{"tag":"EventData","uuid":"d5b42c26-ca49-4efb-9bfe-9d8750f84ef8","label":"MaxAVG","data":{"average_tmp":176.99078100},"latitude":-22.799545,"longitude":-43.445945,"timestamp":1543260901258}
{"tag":"EventData","uuid":"d5b42c26-ca49-4efb-9bfe-9d8750f84ef8","label":"AVGHumidity","data":{"value_humi":101.93589},"latitude":-22.799545,"longitude":-43.445945,"timestamp":1543260902258}
{"tag":"EventData","uuid":"d5b42c26-ca49-4efb-9bfe-9d8750f84ef8","label":"MaxAVG","data":{"average_tmp":77.06511100},"latitude":-22.799545,"longitude":-43.445945,"timestamp":1543260902259}
{"tag":"EventData","uuid":"d5b42c26-ca49-4efb-9bfe-9d8750f84ef8","label":"AVGHumidity","data":{"value_humi":36.156116},"latitude":-22.799545,"longitude":-43.445945,"timestamp":1543260903261}
{"tag":"EventData","uuid":"d5b42c26-ca49-4efb-9bfe-9d8750f84ef8","label":"MaxAVG","data":{"average_tmp":151.2009100},"latitude":-22.799545,"longitude":-43.445945,"timestamp":1543260903262}
{"tag":"EventData","uuid":"d5b42c26-ca49-4efb-9bfe-9d8750f84ef8","label":"AVGHumidity","data":{"value_humi":145.38855},"latitude":-22.799545,"longitude":-43.445945,"timestamp":1543260904264}
{"tag":"EventData","uuid":"d5b42c26-ca49-4efb-9bfe-9d8750f84ef8","label":"MaxAVG","data":{"average_tmp":65.17398100},"latitude":-22.799545,"longitude":-43.445945,"timestamp":1543260904265}
{"tag":"EventData","uuid":"d5b42c26-ca49-4efb-9bfe-9d8750f84ef8","label":"AVGHumidity","data":{"value_humi":10.427499},"latitude":-22.799545,"longitude":-43.445945,"timestamp":1543260905266}
{"tag":"EventData","uuid":"d5b42c26-ca49-4efb-9bfe-9d8750f84ef8","label":"MaxAVG","data":{"average_tmp":160.58116100},"latitude":-22.799545,"longitude":-43.445945,"timestamp":1543260905267}
{"tag":"EventData","uuid":"d5b42c26-ca49-4efb-9bfe-9d8750f84ef8","label":"AVGHumidity","data":{"value_humi":97.25458},"latitude":-22.799545,"longitude":-43.445945,"timestamp":1543260906271}
{"tag":"EventData","uuid":"d5b42c26-ca49-4efb-9bfe-9d8750f84ef8","label":"MaxAVG","data":{"average_tmp":165.07903100},"latitude":-22.799545,"longitude":-43.445945,"timestamp":1543260906273}
{"tag":"EventData","uuid":"d5b42c26-ca49-4efb-9bfe-9d8750f84ef8","label":"AVGHumidity","data":{"value_humi":45.097626},"latitude":-22.799545,"longitude":-43.445945,"timestamp":1543260907275}
{"tag":"EventData","uuid":"d5b42c26-ca49-4efb-9bfe-9d8750f84ef8","label":"MaxAVG","data":{"average_tmp":185.91858100},"latitude":-22.799545,"longitude":-43.445945,"timestamp":1543260907276}
{"tag":"EventData","uuid":"d5b42c26-ca49-4efb-9bfe-9d8750f84ef8","label":"AVGHumidity","data":{"value_humi":183.42125},"latitude":-22.799545,"longitude":-43.445945,"timestamp":1543260908278}
{"tag":"EventData","uuid":"d5b42c26-ca49-4efb-9bfe-9d8750f84ef8","label":"MaxAVG","data":{"average_tmp":33.614243100},"latitude":-22.799545,"longitude":-43.445945,"timestamp":1543260908279}
{"tag":"EventData","uuid":"d5b42c26-ca49-4efb-9bfe-9d8750f84ef8","label":"AVGHumidity","data":{"value_humi":144.81424},"latitude":-22.799545,"longitude":-43.445945,"timestamp":1543260909280}
{"tag":"EventData","uuid":"d5b42c26-ca49-4efb-9bfe-9d8750f84ef8","label":"MaxAVG","data":{"average_tmp":169.6849100},"latitude":-22.799545,"longitude":-43.445945,"timestamp":1543260909281}
{"tag":"EventData","uuid":"d5b42c26-ca49-4efb-9bfe-9d8750f84ef8","label":"AVGHumidity","data":{"value_humi":75.83745},"latitude":-22.799545,"longitude":-43.445945,"timestamp":1543260910283}
{"tag":"EventData","uuid":"d5b42c26-ca49-4efb-9bfe-9d8750f84ef8","label":"MaxAVG","data":{"average_tmp":188.453100},"latitude":-22.799545,"longitude":-43.445945,"timestamp":1543260910284}
{"tag":"EventData","uuid":"d5b42c26-ca49-4efb-9bfe-9d8750f84ef8","label":"AVGHumidity","data":{"value_humi":88.93791},"latitude":-22.799545,"longitude":-43.445945,"timestamp":1543260911284}
{"tag":"EventData","uuid":"d5b42c26-ca49-4efb-9bfe-9d8750f84ef8","label":"MaxAVG","data":{"average_tmp":114.29852100},"latitude":-22.799545,"longitude":-43.445945,"timestamp":1543260911285}
{"tag":"EventData","uuid":"d5b42c26-ca49-4efb-9bfe-9d8750f84ef8","label":"AVGHumidity","data":{"value_humi":119.41601},"latitude":-22.799545,"longitude":-43.445945,"timestamp":1543260912290}
{"tag":"EventData","uuid":"d5b42c26-ca49-4efb-9bfe-9d8750f84ef8","label":"MaxAVG","data":{"average_tmp":2.0158052100},"latitude":-22.799545,"longitude":-43.445945,"timestamp":1543260912291}
{"tag":"EventData","uuid":"d5b42c26-ca49-4efb-9bfe-9d8750f84ef8","label":"AVGHumidity","data":{"value_humi":44.943394},"latitude":-22.799545,"longitude":-43.445945,"timestamp":1543260913293}
{"tag":"EventData","uuid":"d5b42c26-ca49-4efb-9bfe-9d8750f84ef8","label":"MaxAVG","data":{"average_tmp":174.30919100},"latitude":-22.799545,"longitude":-43.445945,"timestamp":1543260913294}
{"tag":"EventData","uuid":"d5b42c26-ca49-4efb-9bfe-9d8750f84ef8","label":"AVGHumidity","data":{"value_humi":176.24498},"latitude":-22.799545,"longitude":-43.445945,"timestamp":1543260914297}
{"tag":"EventData","uuid":"d5b42c26-ca49-4efb-9bfe-9d8750f84ef8","label":"MaxAVG","data":{"average_tmp":180.87827100},"latitude":-22.799545,"longitude":-43.445945,"timestamp":1543260914298}
{"tag":"EventData","uuid":"d5b42c26-ca49-4efb-9bfe-9d8750f84ef8","label":"AVGHumidity","data":{"value_humi":40.851234},"latitude":-22.799545,"longitude":-43.445945,"timestamp":1543260915298}
{"tag":"EventData","uuid":"d5b42c26-ca49-4efb-9bfe-9d8750f84ef8","label":"MaxAVG","data":{"average_tmp":61.46575100},"latitude":-22.799545,"longitude":-43.445945,"timestamp":1543260915299}
{"tag":"EventData","uuid":"d5b42c26-ca49-4efb-9bfe-9d8750f84ef8","label":"AVGHumidity","data":{"value_humi":77.133354},"latitude":-22.799545,"longitude":-43.445945,"timestamp":1543260916301}
{"tag":"EventData","uuid":"d5b42c26-ca49-4efb-9bfe-9d8750f84ef8","label":"MaxAVG","data":{"average_tmp":51.30429100},"latitude":-22.799545,"longitude":-43.445945,"timestamp":1543260916302}
{"tag":"EventData","uuid":"d5b42c26-ca49-4efb-9bfe-9d8750f84ef8","label":"AVGHumidity","data":{"value_humi":184.54715},"latitude":-22.799545,"longitude":-43.445945,"timestamp":1543260917303}
{"tag":"EventData","uuid":"d5b42c26-ca49-4efb-9bfe-9d8750f84ef8","label":"MaxAVG","data":{"average_tmp":5.8543086100},"latitude":-22.799545,"longitude":-43.445945,"timestamp":1543260917304}
{"tag":"EventData","uuid":"d5b42c26-ca49-4efb-9bfe-9d8750f84ef8","label":"AVGHumidity","data":{"value_humi":153.70856},"latitude":-22.799545,"longitude":-43.445945,"timestamp":1543260918310}
{"tag":"EventData","uuid":"d5b42c26-ca49-4efb-9bfe-9d8750f84ef8","label":"MaxAVG","data":{"average_tmp":170.40411100},"latitude":-22.799545,"longitude":-43.445945,"timestamp":1543260918311}
{"tag":"EventData","uuid":"d5b42c26-ca49-4efb-9bfe-9d8750f84ef8","label":"AVGHumidity","data":{"value_humi":174.63106},"latitude":-22.799545,"longitude":-43.445945,"timestamp":1543260919313}
{"tag":"EventData","uuid":"d5b42c26-ca49-4efb-9bfe-9d8750f84ef8","label":"MaxAVG","data":{"average_tmp":63.49771100},"latitude":-22.799545,"longitude":-43.445945,"timestamp":1543260919315}
{"tag":"EventData","uuid":"d5b42c26-ca49-4efb-9bfe-9d8750f84ef8","label":"AVGHumidity","data":{"value_humi":51.552402},"latitude":-22.799545,"longitude":-43.445945,"timestamp":1543260920317}
{"tag":"EventData","uuid":"d5b42c26-ca49-4efb-9bfe-9d8750f84ef8","label":"MaxAVG","data":{"average_tmp":120.904434100},"latitude":-22.799545,"longitude":-43.445945,"timestamp":1543260920317}
{"tag":"EventData","uuid":"d5b42c26-ca49-4efb-9bfe-9d8750f84ef8","label":"AVGHumidity","data":{"value_humi":6.15927},"latitude":-22.799545,"longitude":-43.445945,"timestamp":1543260921325}
{"tag":"EventData","uuid":"d5b42c26-ca49-4efb-9bfe-9d8750f84ef8","label":"MaxAVG","data":{"average_tmp":192.45558100},"latitude":-22.799545,"longitude":-43.445945,"timestamp":1543260921326}
{"tag":"EventData","uuid":"d5b42c26-ca49-4efb-9bfe-9d8750f84ef8","label":"AVGHumidity","data":{"value_humi":154.504},"latitude":-22.799545,"longitude":-43.445945,"timestamp":1543260922328}
{"tag":"EventData","uuid":"d5b42c26-ca49-4efb-9bfe-9d8750f84ef8","label":"MaxAVG","data":{"average_tmp":184.68677100},"latitude":-22.799545,"longitude":-43.445945,"timestamp":1543260922329}
{"tag":"EventData","uuid":"d5b42c26-ca49-4efb-9bfe-9d8750f84ef8","label":"AVGHumidity","data":{"value_humi":164.34912},"latitude":-22.799545,"longitude":-43.445945,"timestamp":1543260923329}
{"tag":"EventData","uuid":"d5b42c26-ca49-4efb-9bfe-9d8750f84ef8","label":"MaxAVG","data":{"average_tmp":57.396507100},"latitude":-22.799545,"longitude":-43.445945,"timestamp":1543260923330}
{"tag":"EventData","uuid":"d5b42c26-ca49-4efb-9bfe-9d8750f84ef8","label":"AVGHumidity","data":{"value_humi":175.67279},"latitude":-22.799545,"longitude":-43.445945,"timestamp":1543260924334}
{"tag":"EventData","uuid":"d5b42c26-ca49-4efb-9bfe-9d8750f84ef8","label":"MaxAVG","data":{"average_tmp":52.80429100},"latitude":-22.799545,"longitude":-43.445945,"timestamp":1543260924335}
{"tag":"EventData","uuid":"d5b42c26-ca49-4efb-9bfe-9d8750f84ef8","label":"AVGHumidity","data":{"value_humi":187.26918},"latitude":-22.799545,"longitude":-43.445945,"timestamp":1543260925336}
{"tag":"EventData","uuid":"d5b42c26-ca49-4efb-9bfe-9d8750f84ef8","label":"MaxAVG","data":{"average_tmp":114.37242100},"latitude":-22.799545,"longitude":-43.445945,"timestamp":1543260925337}
{"tag":"EventData","uuid":"d5b42c26-ca49-4efb-9bfe-9d8750f84ef8","label":"AVGHumidity","data":{"value_humi":35.765385},"latitude":-22.799545,"longitude":-43.445945,"timestamp":1543260926345}
{"tag":"EventData","uuid":"d5b42c26-ca49-4efb-9bfe-9d8750f84ef8","label":"MaxAVG","data":{"average_tmp":165.35214100},"latitude":-22.799545,"longitude":-43.445945,"timestamp":1543260926346}
{"tag":"EventData","uuid":"d5b42c26-ca49-4efb-9bfe-9d8750f84ef8","label":"AVGHumidity","data":{"value_humi":144.42822},"latitude":-22.799545,"longitude":-43.445945,"timestamp":1543260927347}
{"tag":"EventData","uuid":"d5b42c26-ca49-4efb-9bfe-9d8750f84ef8","label":"MaxAVG","data":{"average_tmp":124.052704100},"latitude":-22.799545,"longitude":-43.445945,"timestamp":1543260927350}
{"tag":"EventData","uuid":"d5b42c26-ca49-4efb-9bfe-9d8750f84ef8","label":"AVGHumidity","data":{"value_humi":127.857956},"latitude":-22.799545,"longitude":-43.445945,"timestamp":1543260928353}
Tempo decorrido em milissegundos: 101923
Unsent Messages: 0
Node d5b42c26-ca49-4efb-9bfe-9d8750f84ef8 disconnected
